2024-09-17T03:28:27+00:00 DEBUG POST: https://ads.tiktok.com/marketing_api/api/developer/app/create_auto_approve/

{"business_platform":"PROD","smb_id":"tt4b_woocommerce_66e7e11528729httplocalhostbeanDienMaywp-admin","smb_name":"PROD","redirect_url":"http:\/\/localhost\/beanDienMay\/wp-admin\/"}
 ajax: no
2024-09-17T03:28:28+00:00 DEBUG Tt4b_Mapi_Class::create_open_source_app: Response: 

HTTP/1.1 200 OK
Content-Type: application/json
X-Tt-Logid: 2024091703282810144467B07E8368F912,2024091703282810144467B07E8368F912
Strict-Transport-Security: max-age=31536000; includeSubDomains
x-tt-trace-host: 019e97f79de4056b7b3cf3aeb14788d95cb600d243dc258130a233dc33952fe62e02d95fa2b58427cd3ca3aa00e8bcd49fcc216fce2b515c0acaf3e0dfa10323e7e8b6d1f46c71571e939437d79633d5f0210eb0d55e03e3a26a15f5d7daa189347d61a6410942086ff724cca6b86be044
x-tt-trace-id: 00-24091703282810144467B07E8368F912-1209E50B266A2615-00
Server: TLB
Content-Encoding: gzip
Content-Length: 214
X-Origin-Response-Time: 54,23.44.5.7
X-Akamai-Request-ID: ed6d913.ad32a88a
Date: Tue, 17 Sep 2024 03:28:29 GMT
X-Cache: TCP_MISS from a23-32-74-84.deploy.akamaitechnologies.com (AkamaiGHost/11.6.3-e8c44af76fbf2725bc66e35706b8e3bb) (-)
Connection: close
Vary: Accept-Encoding
X-Cache-Remote: TCP_MISS from a23-44-5-7.deploy.akamaitechnologies.com (AkamaiGHost/11.6.3-e8c44af76fbf2725bc66e35706b8e3bb) (-)
x-tt-trace-tag: id=16;cdn-cache=miss;type=dyn
Server-Timing: cdn-cache; desc=MISS, edge; dur=47, origin; dur=54
Server-Timing: inner; dur=49
X-Parent-Response-Time: 98,23.32.74.84

{"code":0,"msg":"ok","data":{"app_id":"7415142801454694417","redirect_uri":"http:\/\/localhost\/beanDienMay\/wp-admin\/","external_data_key":"5f0b0785-9b9f-4c97-8ade-90bf45840704","app_secret":"cb61cde00775507b27e35e36a9ec07126bbb9b2e"}}

2024-09-17T06:45:10+00:00 DEBUG Tt4b_Pixel_Class::inject_view_content_event: hit ViewContent
2024-09-17T06:45:10+00:00 DEBUG Tt4b_Pixel_Class::inject_view_content_event: Missing option "access_token"
2024-09-17T06:45:32+00:00 DEBUG Tt4b_Pixel_Class::inject_view_content_event: hit ViewContent
2024-09-17T06:45:32+00:00 DEBUG Tt4b_Pixel_Class::inject_view_content_event: Missing option "access_token"
2024-09-17T06:47:17+00:00 DEBUG Tt4b_Pixel_Class::inject_view_content_event: hit ViewContent
2024-09-17T06:47:17+00:00 DEBUG Tt4b_Pixel_Class::inject_view_content_event: Missing option "access_token"
2024-09-17T06:49:13+00:00 DEBUG Tt4b_Pixel_Class::inject_view_content_event: hit ViewContent
2024-09-17T06:49:13+00:00 DEBUG Tt4b_Pixel_Class::inject_view_content_event: Missing option "access_token"
2024-09-17T06:52:15+00:00 DEBUG Tt4b_Pixel_Class::inject_view_content_event: hit ViewContent
2024-09-17T06:52:15+00:00 DEBUG Tt4b_Pixel_Class::inject_view_content_event: Missing option "access_token"
2024-09-17T06:54:53+00:00 DEBUG Tt4b_Pixel_Class::inject_view_content_event: hit ViewContent
2024-09-17T06:54:53+00:00 DEBUG Tt4b_Pixel_Class::inject_view_content_event: Missing option "access_token"
2024-09-17T06:55:28+00:00 DEBUG Tt4b_Pixel_Class::inject_view_content_event: hit ViewContent
2024-09-17T06:55:28+00:00 DEBUG Tt4b_Pixel_Class::inject_view_content_event: Missing option "access_token"
2024-09-17T06:55:58+00:00 DEBUG Tt4b_Pixel_Class::inject_view_content_event: hit ViewContent
2024-09-17T06:55:58+00:00 DEBUG Tt4b_Pixel_Class::inject_view_content_event: Missing option "access_token"
2024-09-17T06:57:22+00:00 DEBUG Tt4b_Pixel_Class::inject_view_content_event: hit ViewContent
2024-09-17T06:57:22+00:00 DEBUG Tt4b_Pixel_Class::inject_view_content_event: Missing option "access_token"
2024-09-17T06:57:44+00:00 DEBUG Tt4b_Pixel_Class::inject_view_content_event: hit ViewContent
2024-09-17T06:57:44+00:00 DEBUG Tt4b_Pixel_Class::inject_view_content_event: Missing option "access_token"
2024-09-17T06:59:02+00:00 DEBUG Tt4b_Pixel_Class::inject_view_content_event: hit ViewContent
2024-09-17T06:59:02+00:00 DEBUG Tt4b_Pixel_Class::inject_view_content_event: Missing option "access_token"
2024-09-17T06:59:05+00:00 DEBUG Tt4b_Pixel_Class::inject_add_to_cart_event: hit AddToCart
2024-09-17T06:59:05+00:00 DEBUG Tt4b_Pixel_Class::inject_add_to_cart_event: Missing option "access_token"
2024-09-17T06:59:06+00:00 DEBUG Tt4b_Pixel_Class::inject_view_content_event: hit ViewContent
2024-09-17T06:59:06+00:00 DEBUG Tt4b_Pixel_Class::inject_view_content_event: Missing option "access_token"
2024-09-17T06:59:12+00:00 DEBUG Tt4b_Pixel_Class::inject_initiate_checkout_event: hit InitiateCheckout
2024-09-17T06:59:12+00:00 DEBUG Tt4b_Pixel_Class::inject_initiate_checkout_event: Missing option "access_token"
2024-09-17T06:59:23+00:00 DEBUG Tt4b_Pixel_Class::inject_initiate_checkout_event: hit InitiateCheckout
2024-09-17T06:59:23+00:00 DEBUG Tt4b_Pixel_Class::inject_initiate_checkout_event: Missing option "access_token"
2024-09-17T07:11:44+00:00 DEBUG Tt4b_Pixel_Class::inject_view_content_event: hit ViewContent
2024-09-17T07:11:44+00:00 DEBUG Tt4b_Pixel_Class::inject_view_content_event: Missing option "access_token"
