2024-09-16T07:41:09+00:00 DEBUG POST: https://ads.tiktok.com/marketing_api/api/developer/app/create_auto_approve/

{"business_platform":"PROD","smb_id":"tt4b_woocommerce_66e7e11528729httplocalhostbeanDienMaywp-admin","smb_name":"PROD","redirect_url":"http:\/\/localhost\/beanDienMay\/wp-admin\/"}
 ajax: no
2024-09-16T07:41:10+00:00 DEBUG Tt4b_Mapi_Class::create_open_source_app: Response: 

HTTP/1.1 200 OK
Content-Type: application/json
X-Tt-Logid: 20240916074110BFDDA38FC5F277183D58,20240916074110BFDDA38FC5F277183D58
Strict-Transport-Security: max-age=31536000; includeSubDomains
Server-Timing: inner; dur=114
x-tt-trace-host: 012b4dfeae8698813f1b5f3aa9f4e494b7211c6fc81dcfeb9c8f26925d32eda60a12c1eed35124cc4b03afb664cb5b2f03cc3118e13996930b80994845d98fc942d0f4e4c56daf9ee252f3368e60d258ccac26b4b69acd63cedfb4257f76b8f157
x-tt-trace-id: 00-240916074110BFDDA38FC5F277183D58-6A7B9CA6507D36F5-00
Server: TLB
Content-Encoding: gzip
Date: Mon, 16 Sep 2024 07:41:11 GMT
Content-Length: 212
X-Cache: TCP_MISS from a23-202-89-100.deploy.akamaitechnologies.com (AkamaiGHost/11.6.3-e8c44af76fbf2725bc66e35706b8e3bb) (-)
Connection: close
Vary: Accept-Encoding
x-tt-trace-tag: id=16;cdn-cache=miss;type=dyn
Server-Timing: cdn-cache; desc=MISS, edge; dur=3, origin; dur=164
X-Origin-Response-Time: 164,23.202.89.100
X-Akamai-Request-ID: 627eb2d4

{"code":0,"msg":"ok","data":{"external_data_key":"5f0b0785-9b9f-4c97-8ade-90bf45840704","redirect_uri":"http:\/\/localhost\/beanDienMay\/wp-admin\/","app_id":"7415142801454694417","app_secret":"cb61cde00775507b27e35e36a9ec07126bbb9b2e"}}

2024-09-16T11:29:57+00:00 DEBUG Tt4b_Pixel_Class::inject_view_content_event: hit ViewContent
2024-09-16T11:29:57+00:00 DEBUG Tt4b_Pixel_Class::inject_view_content_event: Missing option "access_token"
2024-09-16T11:35:38+00:00 DEBUG Tt4b_Pixel_Class::inject_view_content_event: hit ViewContent
2024-09-16T11:35:38+00:00 DEBUG Tt4b_Pixel_Class::inject_view_content_event: Missing option "access_token"
2024-09-16T11:36:00+00:00 DEBUG Tt4b_Pixel_Class::inject_add_to_cart_event: hit AddToCart
2024-09-16T11:36:00+00:00 DEBUG Tt4b_Pixel_Class::inject_add_to_cart_event: Missing option "access_token"
2024-09-16T11:36:00+00:00 DEBUG Tt4b_Pixel_Class::inject_view_content_event: hit ViewContent
2024-09-16T11:36:00+00:00 DEBUG Tt4b_Pixel_Class::inject_view_content_event: Missing option "access_token"
2024-09-16T11:36:15+00:00 DEBUG Tt4b_Pixel_Class::inject_initiate_checkout_event: hit InitiateCheckout
2024-09-16T11:36:15+00:00 DEBUG Tt4b_Pixel_Class::inject_initiate_checkout_event: Missing option "access_token"
2024-09-16T11:36:49+00:00 DEBUG Tt4b_Pixel_Class::inject_initiate_checkout_event: hit InitiateCheckout
2024-09-16T11:36:49+00:00 DEBUG Tt4b_Pixel_Class::inject_initiate_checkout_event: Missing option "access_token"
2024-09-16T11:39:10+00:00 DEBUG Tt4b_Pixel_Class::inject_initiate_checkout_event: hit InitiateCheckout
2024-09-16T11:39:10+00:00 DEBUG Tt4b_Pixel_Class::inject_initiate_checkout_event: Missing option "access_token"
2024-09-16T11:39:15+00:00 DEBUG Tt4b_Pixel_Class::inject_initiate_checkout_event: hit InitiateCheckout
2024-09-16T11:39:15+00:00 DEBUG Tt4b_Pixel_Class::inject_initiate_checkout_event: Missing option "access_token"
2024-09-16T11:39:19+00:00 DEBUG Tt4b_Pixel_Class::inject_initiate_checkout_event: hit InitiateCheckout
2024-09-16T11:39:19+00:00 DEBUG Tt4b_Pixel_Class::inject_initiate_checkout_event: Missing option "access_token"
2024-09-16T12:00:25+00:00 DEBUG Tt4b_Pixel_Class::inject_initiate_checkout_event: hit InitiateCheckout
2024-09-16T12:00:25+00:00 DEBUG Tt4b_Pixel_Class::inject_initiate_checkout_event: Missing option "access_token"
2024-09-16T12:08:11+00:00 DEBUG Tt4b_Pixel_Class::inject_initiate_checkout_event: hit InitiateCheckout
2024-09-16T12:08:11+00:00 DEBUG Tt4b_Pixel_Class::inject_initiate_checkout_event: Missing option "access_token"
2024-09-16T12:11:10+00:00 DEBUG Tt4b_Pixel_Class::inject_view_content_event: hit ViewContent
2024-09-16T12:11:10+00:00 DEBUG Tt4b_Pixel_Class::inject_view_content_event: Missing option "access_token"
2024-09-16T12:11:35+00:00 DEBUG Tt4b_Pixel_Class::inject_view_content_event: hit ViewContent
2024-09-16T12:11:35+00:00 DEBUG Tt4b_Pixel_Class::inject_view_content_event: Missing option "access_token"
2024-09-16T12:11:39+00:00 DEBUG Tt4b_Pixel_Class::inject_add_to_cart_event: hit AddToCart
2024-09-16T12:11:39+00:00 DEBUG Tt4b_Pixel_Class::inject_add_to_cart_event: Missing option "access_token"
2024-09-16T12:11:39+00:00 DEBUG Tt4b_Pixel_Class::inject_view_content_event: hit ViewContent
2024-09-16T12:11:39+00:00 DEBUG Tt4b_Pixel_Class::inject_view_content_event: Missing option "access_token"
2024-09-16T12:11:44+00:00 DEBUG Tt4b_Pixel_Class::inject_view_content_event: hit ViewContent
2024-09-16T12:11:44+00:00 DEBUG Tt4b_Pixel_Class::inject_view_content_event: Missing option "access_token"
2024-09-16T12:11:49+00:00 DEBUG Tt4b_Pixel_Class::inject_initiate_checkout_event: hit InitiateCheckout
2024-09-16T12:11:49+00:00 DEBUG Tt4b_Pixel_Class::inject_initiate_checkout_event: Missing option "access_token"
2024-09-16T12:16:35+00:00 DEBUG Tt4b_Pixel_Class::inject_view_content_event: hit ViewContent
2024-09-16T12:16:35+00:00 DEBUG Tt4b_Pixel_Class::inject_view_content_event: Missing option "access_token"
2024-09-16T12:16:39+00:00 DEBUG Tt4b_Pixel_Class::inject_add_to_cart_event: hit AddToCart
2024-09-16T12:16:39+00:00 DEBUG Tt4b_Pixel_Class::inject_add_to_cart_event: Missing option "access_token"
2024-09-16T12:16:39+00:00 DEBUG Tt4b_Pixel_Class::inject_view_content_event: hit ViewContent
2024-09-16T12:16:39+00:00 DEBUG Tt4b_Pixel_Class::inject_view_content_event: Missing option "access_token"
2024-09-16T12:16:58+00:00 DEBUG Tt4b_Pixel_Class::inject_initiate_checkout_event: hit InitiateCheckout
2024-09-16T12:16:58+00:00 DEBUG Tt4b_Pixel_Class::inject_initiate_checkout_event: Missing option "access_token"
2024-09-16T12:36:59+00:00 DEBUG Tt4b_Pixel_Class::inject_initiate_checkout_event: hit InitiateCheckout
2024-09-16T12:36:59+00:00 DEBUG Tt4b_Pixel_Class::inject_initiate_checkout_event: Missing option "access_token"
2024-09-16T12:42:53+00:00 DEBUG Tt4b_Pixel_Class::inject_initiate_checkout_event: hit InitiateCheckout
2024-09-16T12:42:53+00:00 DEBUG Tt4b_Pixel_Class::inject_initiate_checkout_event: Missing option "access_token"
2024-09-16T12:49:24+00:00 DEBUG Tt4b_Pixel_Class::inject_initiate_checkout_event: hit InitiateCheckout
2024-09-16T12:49:24+00:00 DEBUG Tt4b_Pixel_Class::inject_initiate_checkout_event: Missing option "access_token"
2024-09-16T13:55:27+00:00 DEBUG Tt4b_Pixel_Class::inject_initiate_checkout_event: hit InitiateCheckout
2024-09-16T13:55:27+00:00 DEBUG Tt4b_Pixel_Class::inject_initiate_checkout_event: Missing option "access_token"
2024-09-16T14:03:50+00:00 DEBUG Tt4b_Pixel_Class::inject_initiate_checkout_event: hit InitiateCheckout
2024-09-16T14:03:50+00:00 DEBUG Tt4b_Pixel_Class::inject_initiate_checkout_event: Missing option "access_token"
2024-09-16T14:09:46+00:00 DEBUG Tt4b_Pixel_Class::inject_initiate_checkout_event: hit InitiateCheckout
2024-09-16T14:09:46+00:00 DEBUG Tt4b_Pixel_Class::inject_initiate_checkout_event: Missing option "access_token"
2024-09-16T14:12:47+00:00 DEBUG Tt4b_Pixel_Class::inject_initiate_checkout_event: hit InitiateCheckout
2024-09-16T14:12:47+00:00 DEBUG Tt4b_Pixel_Class::inject_initiate_checkout_event: Missing option "access_token"
2024-09-16T14:30:43+00:00 DEBUG Tt4b_Pixel_Class::inject_initiate_checkout_event: hit InitiateCheckout
2024-09-16T14:30:43+00:00 DEBUG Tt4b_Pixel_Class::inject_initiate_checkout_event: Missing option "access_token"
2024-09-16T14:38:56+00:00 DEBUG Tt4b_Pixel_Class::inject_initiate_checkout_event: hit InitiateCheckout
2024-09-16T14:38:56+00:00 DEBUG Tt4b_Pixel_Class::inject_initiate_checkout_event: Missing option "access_token"
2024-09-16T14:55:21+00:00 DEBUG Tt4b_Pixel_Class::inject_initiate_checkout_event: hit InitiateCheckout
2024-09-16T14:55:21+00:00 DEBUG Tt4b_Pixel_Class::inject_initiate_checkout_event: Missing option "access_token"
2024-09-16T15:08:23+00:00 DEBUG Tt4b_Pixel_Class::inject_initiate_checkout_event: hit InitiateCheckout
2024-09-16T15:08:23+00:00 DEBUG Tt4b_Pixel_Class::inject_initiate_checkout_event: Missing option "access_token"
